THIS FILE CONTAINS THE METADATA ABOUT SYSTEM AND RUNTIME


-------System Info-------
Operating System Name: Windows
Nodename: Palash
Release: 10
Version: 10.0.19041

-------Python and Package Versions------- 
Python Version: 3.8.5
SigProfilerMatrixGenerator Version: 1.1.26
SigProfilerPlotting version: 1.1.14
matplotlib version: 3.3.2
statsmodels version: 0.12.0
scipy version: 1.5.2
pandas version: 1.1.3
numpy version: 1.19.2

-------Vital Parameters Used for the execution -------
Project: MetaMutationalSigs
Genome: GRCh37
Input File Path: C:/Users/pande/OneDriveDrexelUniversity/Documents/Fall-2021/Coop/CGC/SanjeeVCFFiles/PLOS_review_paper/metaSignatures/flask_ui_app/uploads/
exome: False
bed_file: None
chrom_based: False
plot: False
tsb_stat: False
seqInfo: True

-------Date and Time Data------- 
Date and Clock time when the execution started: 2021-03-26 09:11:40.655668


-------Runtime Checkpoints------- 
